2025-08-22 11:29:08,907 - __main__ - INFO - Starting Telegram Group Management Bot...
2025-08-22 11:29:08,922 - __main__ - INFO - Bot started successfully. Polling for updates...
2025-08-22 11:29:09,298 - httpx - INFO - HTTP Request: POST https://api.telegram.org/botYOUR_BOT_TOKEN_HERE/getMe "HTTP/1.1 404 Not Found"
2025-08-22 11:38:31,028 - __main__ - INFO - Starting Telegram Group Management Bot...
2025-08-22 11:38:31,046 - __main__ - INFO - Bot started successfully. Polling for updates...
2025-08-22 11:38:31,186 - __main__ - INFO - Starting Telegram Group Management Bot...
2025-08-22 11:38:31,207 - __main__ - INFO - Bot started successfully. Polling for updates...
2025-08-22 11:38:31,401 - httpx - INFO - HTTP Request: POST https://api.telegram.org/bot8369171314:AAGVevqxUYiH-Sfqqkpv8mb5v6eKss-k7xk/getMe "HTTP/1.1 200 OK"
2025-08-22 11:38:31,518 - httpx - INFO - HTTP Request: POST https://api.telegram.org/bot8369171314:AAGVevqxUYiH-Sfqqkpv8mb5v6eKss-k7xk/deleteWebhook "HTTP/1.1 200 OK"
2025-08-22 11:38:31,520 - telegram.ext.Application - INFO - Application started
2025-08-22 11:38:31,561 - httpx - INFO - HTTP Request: POST https://api.telegram.org/bot8369171314:AAGVevqxUYiH-Sfqqkpv8mb5v6eKss-k7xk/getMe "HTTP/1.1 200 OK"
2025-08-22 11:38:31,678 - httpx - INFO - HTTP Request: POST https://api.telegram.org/bot8369171314:AAGVevqxUYiH-Sfqqkpv8mb5v6eKss-k7xk/deleteWebhook "HTTP/1.1 200 OK"
2025-08-22 11:38:31,680 - telegram.ext.Application - INFO - Application started
2025-08-22 11:38:31,864 - httpx - INFO - HTTP Request: POST https://api.telegram.org/bot8369171314:AAGVevqxUYiH-Sfqqkpv8mb5v6eKss-k7xk/getUpdates "HTTP/1.1 200 OK"
2025-08-22 11:38:32,024 - httpx - INFO - HTTP Request: POST https://api.telegram.org/bot8369171314:AAGVevqxUYiH-Sfqqkpv8mb5v6eKss-k7xk/getUpdates "HTTP/1.1 409 Conflict"
2025-08-22 11:38:32,025 - telegram.ext.Updater - ERROR - Error while getting Updates: Conflict: terminated by other getUpdates request; make sure that only one bot instance is running
2025-08-22 11:38:32,025 - bot.handlers - ERROR - Exception while handling an update: Conflict: terminated by other getUpdates request; make sure that only one bot instance is running
2025-08-22 11:38:32,193 - httpx - INFO - HTTP Request: POST https://api.telegram.org/bot8369171314:AAGVevqxUYiH-Sfqqkpv8mb5v6eKss-k7xk/sendMessage "HTTP/1.1 200 OK"
2025-08-22 11:38:36,148 - httpx - INFO - HTTP Request: POST https://api.telegram.org/bot8369171314:AAGVevqxUYiH-Sfqqkpv8mb5v6eKss-k7xk/getUpdates "HTTP/1.1 409 Conflict"
2025-08-22 11:38:36,149 - telegram.ext.Updater - ERROR - Error while getting Updates: Conflict: terminated by other getUpdates request; make sure that only one bot instance is running
2025-08-22 11:38:36,149 - bot.handlers - ERROR - Exception while handling an update: Conflict: terminated by other getUpdates request; make sure that only one bot instance is running
2025-08-22 11:38:37,264 - httpx - INFO - HTTP Request: POST https://api.telegram.org/bot8369171314:AAGVevqxUYiH-Sfqqkpv8mb5v6eKss-k7xk/getUpdates "HTTP/1.1 409 Conflict"
2025-08-22 11:38:37,265 - telegram.ext.Updater - ERROR - Error while getting Updates: Conflict: terminated by other getUpdates request; make sure that only one bot instance is running
2025-08-22 11:38:37,265 - bot.handlers - ERROR - Exception while handling an update: Conflict: terminated by other getUpdates request; make sure that only one bot instance is running
2025-08-22 11:38:41,882 - httpx - INFO - HTTP Request: POST https://api.telegram.org/bot8369171314:AAGVevqxUYiH-Sfqqkpv8mb5v6eKss-k7xk/getUpdates "HTTP/1.1 409 Conflict"
2025-08-22 11:38:41,883 - telegram.ext.Updater - ERROR - Error while getting Updates: Conflict: terminated by other getUpdates request; make sure that only one bot instance is running
2025-08-22 11:38:41,884 - bot.handlers - ERROR - Exception while handling an update: Conflict: terminated by other getUpdates request; make sure that only one bot instance is running
2025-08-22 11:38:43,503 - httpx - INFO - HTTP Request: POST https://api.telegram.org/bot8369171314:AAGVevqxUYiH-Sfqqkpv8mb5v6eKss-k7xk/getUpdates "HTTP/1.1 409 Conflict"
2025-08-22 11:38:43,504 - telegram.ext.Updater - ERROR - Error while getting Updates: Conflict: terminated by other getUpdates request; make sure that only one bot instance is running
2025-08-22 11:38:43,504 - bot.handlers - ERROR - Exception while handling an update: Conflict: terminated by other getUpdates request; make sure that only one bot instance is running
2025-08-22 11:38:48,874 - httpx - INFO - HTTP Request: POST https://api.telegram.org/bot8369171314:AAGVevqxUYiH-Sfqqkpv8mb5v6eKss-k7xk/getUpdates "HTTP/1.1 409 Conflict"
2025-08-22 11:38:48,875 - telegram.ext.Updater - ERROR - Error while getting Updates: Conflict: terminated by other getUpdates request; make sure that only one bot instance is running
2025-08-22 11:38:48,875 - bot.handlers - ERROR - Exception while handling an update: Conflict: terminated by other getUpdates request; make sure that only one bot instance is running
2025-08-22 11:38:51,242 - httpx - INFO - HTTP Request: POST https://api.telegram.org/bot8369171314:AAGVevqxUYiH-Sfqqkpv8mb5v6eKss-k7xk/getUpdates "HTTP/1.1 409 Conflict"
2025-08-22 11:38:51,243 - telegram.ext.Updater - ERROR - Error while getting Updates: Conflict: terminated by other getUpdates request; make sure that only one bot instance is running
2025-08-22 11:38:51,243 - bot.handlers - ERROR - Exception while handling an update: Conflict: terminated by other getUpdates request; make sure that only one bot instance is running
2025-08-22 11:38:54,735 - httpx - INFO - HTTP Request: POST https://api.telegram.org/bot8369171314:AAGVevqxUYiH-Sfqqkpv8mb5v6eKss-k7xk/getUpdates "HTTP/1.1 409 Conflict"
2025-08-22 11:38:54,736 - telegram.ext.Updater - ERROR - Error while calling `get_updates` one more time to mark all fetched updates as read: %s. Suppressing error to ensure graceful shutdown. When polling for updates is restarted, updates may be fetched again. Please adjust timeouts via `ApplicationBuilder` or the parameter `get_updates_request` of `Bot`.
Traceback (most recent call last):
  File "/home/runner/workspace/.pythonlibs/lib/python3.11/site-packages/telegram/ext/_updater.py", line 433, in _get_updates_cleanup
    await self.bot.get_updates(
  File "/home/runner/workspace/.pythonlibs/lib/python3.11/site-packages/telegram/ext/_extbot.py", line 618, in get_updates
    updates = await super().get_updates(
              ^^^^^^^^^^^^^^^^^^^^^^^^^^
  File "/home/runner/workspace/.pythonlibs/lib/python3.11/site-packages/telegram/_bot.py", line 542, in decorator
    result = await func(self, *args, **kwargs)
             ^^^^^^^^^^^^^^^^^^^^^^^^^^^^^^^^^
  File "/home/runner/workspace/.pythonlibs/lib/python3.11/site-packages/telegram/_bot.py", line 4164, in get_updates
    await self._post(
  File "/home/runner/workspace/.pythonlibs/lib/python3.11/site-packages/telegram/_bot.py", line 630, in _post
    return await self._do_post(
           ^^^^^^^^^^^^^^^^^^^^
  File "/home/runner/workspace/.pythonlibs/lib/python3.11/site-packages/telegram/ext/_extbot.py", line 347, in _do_post
    return await super()._do_post(
           ^^^^^^^^^^^^^^^^^^^^^^^
  File "/home/runner/workspace/.pythonlibs/lib/python3.11/site-packages/telegram/_bot.py", line 658, in _do_post
    return await request.post(
           ^^^^^^^^^^^^^^^^^^^
  File "/home/runner/workspace/.pythonlibs/lib/python3.11/site-packages/telegram/request/_baserequest.py", line 200, in post
    result = await self._request_wrapper(
             ^^^^^^^^^^^^^^^^^^^^^^^^^^^^
  File "/home/runner/workspace/.pythonlibs/lib/python3.11/site-packages/telegram/request/_baserequest.py", line 381, in _request_wrapper
    raise Conflict(message)
telegram.error.Conflict: Conflict: terminated by other getUpdates request; make sure that only one bot instance is running
2025-08-22 11:38:54,738 - telegram.ext.Application - INFO - Application is stopping. This might take a moment.
2025-08-22 11:38:54,738 - telegram.ext.Application - INFO - Application.stop() complete
2025-08-22 11:38:58,464 - httpx - INFO - HTTP Request: POST https://api.telegram.org/bot8369171314:AAGVevqxUYiH-Sfqqkpv8mb5v6eKss-k7xk/getUpdates "HTTP/1.1 200 OK"
2025-08-22 11:38:58,465 - telegram.ext.Application - INFO - Application is stopping. This might take a moment.
2025-08-22 11:38:58,465 - telegram.ext.Application - INFO - Application.stop() complete
2025-08-22 11:38:59,263 - __main__ - INFO - Starting Telegram Group Management Bot...
2025-08-22 11:38:59,288 - __main__ - INFO - Bot started successfully. Polling for updates...
2025-08-22 11:38:59,644 - httpx - INFO - HTTP Request: POST https://api.telegram.org/bot8369171314:AAGVevqxUYiH-Sfqqkpv8mb5v6eKss-k7xk/getMe "HTTP/1.1 200 OK"
2025-08-22 11:38:59,759 - httpx - INFO - HTTP Request: POST https://api.telegram.org/bot8369171314:AAGVevqxUYiH-Sfqqkpv8mb5v6eKss-k7xk/deleteWebhook "HTTP/1.1 200 OK"
2025-08-22 11:38:59,762 - telegram.ext.Application - INFO - Application started
2025-08-22 11:39:10,109 - httpx - INFO - HTTP Request: POST https://api.telegram.org/bot8369171314:AAGVevqxUYiH-Sfqqkpv8mb5v6eKss-k7xk/getUpdates "HTTP/1.1 200 OK"
2025-08-22 11:39:20,225 - httpx - INFO - HTTP Request: POST https://api.telegram.org/bot8369171314:AAGVevqxUYiH-Sfqqkpv8mb5v6eKss-k7xk/getUpdates "HTTP/1.1 200 OK"
2025-08-22 11:39:29,162 - httpx - INFO - HTTP Request: POST https://api.telegram.org/bot8369171314:AAGVevqxUYiH-Sfqqkpv8mb5v6eKss-k7xk/getUpdates "HTTP/1.1 200 OK"
2025-08-22 11:39:29,709 - httpx - INFO - HTTP Request: POST https://api.telegram.org/bot8369171314:AAGVevqxUYiH-Sfqqkpv8mb5v6eKss-k7xk/sendMessage "HTTP/1.1 200 OK"
2025-08-22 11:39:32,442 - httpx - INFO - HTTP Request: POST https://api.telegram.org/bot8369171314:AAGVevqxUYiH-Sfqqkpv8mb5v6eKss-k7xk/getUpdates "HTTP/1.1 200 OK"
2025-08-22 11:39:32,749 - httpx - INFO - HTTP Request: POST https://api.telegram.org/bot8369171314:AAGVevqxUYiH-Sfqqkpv8mb5v6eKss-k7xk/sendMessage "HTTP/1.1 200 OK"
2025-08-22 11:39:35,412 - httpx - INFO - HTTP Request: POST https://api.telegram.org/bot8369171314:AAGVevqxUYiH-Sfqqkpv8mb5v6eKss-k7xk/getUpdates "HTTP/1.1 200 OK"
2025-08-22 11:39:35,738 - httpx - INFO - HTTP Request: POST https://api.telegram.org/bot8369171314:AAGVevqxUYiH-Sfqqkpv8mb5v6eKss-k7xk/sendMessage "HTTP/1.1 200 OK"
2025-08-22 11:39:45,529 - httpx - INFO - HTTP Request: POST https://api.telegram.org/bot8369171314:AAGVevqxUYiH-Sfqqkpv8mb5v6eKss-k7xk/getUpdates "HTTP/1.1 200 OK"
2025-08-22 11:39:55,646 - httpx - INFO - HTTP Request: POST https://api.telegram.org/bot8369171314:AAGVevqxUYiH-Sfqqkpv8mb5v6eKss-k7xk/getUpdates "HTTP/1.1 200 OK"
2025-08-22 11:40:03,721 - httpx - INFO - HTTP Request: POST https://api.telegram.org/bot8369171314:AAGVevqxUYiH-Sfqqkpv8mb5v6eKss-k7xk/getUpdates "HTTP/1.1 200 OK"
2025-08-22 11:40:04,262 - httpx - INFO - HTTP Request: POST https://api.telegram.org/bot8369171314:AAGVevqxUYiH-Sfqqkpv8mb5v6eKss-k7xk/sendMessage "HTTP/1.1 200 OK"
2025-08-22 11:40:13,838 - httpx - INFO - HTTP Request: POST https://api.telegram.org/bot8369171314:AAGVevqxUYiH-Sfqqkpv8mb5v6eKss-k7xk/getUpdates "HTTP/1.1 200 OK"
2025-08-22 11:40:23,954 - httpx - INFO - HTTP Request: POST https://api.telegram.org/bot8369171314:AAGVevqxUYiH-Sfqqkpv8mb5v6eKss-k7xk/getUpdates "HTTP/1.1 200 OK"
2025-08-22 11:40:34,070 - httpx - INFO - HTTP Request: POST https://api.telegram.org/bot8369171314:AAGVevqxUYiH-Sfqqkpv8mb5v6eKss-k7xk/getUpdates "HTTP/1.1 200 OK"
2025-08-22 11:40:44,186 - httpx - INFO - HTTP Request: POST https://api.telegram.org/bot8369171314:AAGVevqxUYiH-Sfqqkpv8mb5v6eKss-k7xk/getUpdates "HTTP/1.1 200 OK"
2025-08-22 11:40:54,303 - httpx - INFO - HTTP Request: POST https://api.telegram.org/bot8369171314:AAGVevqxUYiH-Sfqqkpv8mb5v6eKss-k7xk/getUpdates "HTTP/1.1 200 OK"
2025-08-22 11:41:02,610 - httpx - INFO - HTTP Request: POST https://api.telegram.org/bot8369171314:AAGVevqxUYiH-Sfqqkpv8mb5v6eKss-k7xk/getUpdates "HTTP/1.1 200 OK"
2025-08-22 11:41:03,162 - httpx - INFO - HTTP Request: POST https://api.telegram.org/bot8369171314:AAGVevqxUYiH-Sfqqkpv8mb5v6eKss-k7xk/sendMessage "HTTP/1.1 200 OK"
2025-08-22 11:41:12,727 - httpx - INFO - HTTP Request: POST https://api.telegram.org/bot8369171314:AAGVevqxUYiH-Sfqqkpv8mb5v6eKss-k7xk/getUpdates "HTTP/1.1 200 OK"
2025-08-22 11:41:22,844 - httpx - INFO - HTTP Request: POST https://api.telegram.org/bot8369171314:AAGVevqxUYiH-Sfqqkpv8mb5v6eKss-k7xk/getUpdates "HTTP/1.1 200 OK"
2025-08-22 11:41:32,960 - httpx - INFO - HTTP Request: POST https://api.telegram.org/bot8369171314:AAGVevqxUYiH-Sfqqkpv8mb5v6eKss-k7xk/getUpdates "HTTP/1.1 200 OK"
2025-08-22 11:41:34,404 - httpx - INFO - HTTP Request: POST https://api.telegram.org/bot8369171314:AAGVevqxUYiH-Sfqqkpv8mb5v6eKss-k7xk/getUpdates "HTTP/1.1 200 OK"
2025-08-22 11:41:34,926 - httpx - INFO - HTTP Request: POST https://api.telegram.org/bot8369171314:AAGVevqxUYiH-Sfqqkpv8mb5v6eKss-k7xk/getChatMember "HTTP/1.1 200 OK"
2025-08-22 11:41:44,521 - httpx - INFO - HTTP Request: POST https://api.telegram.org/bot8369171314:AAGVevqxUYiH-Sfqqkpv8mb5v6eKss-k7xk/getUpdates "HTTP/1.1 200 OK"
2025-08-22 11:41:52,400 - httpx - INFO - HTTP Request: POST https://api.telegram.org/bot8369171314:AAGVevqxUYiH-Sfqqkpv8mb5v6eKss-k7xk/getUpdates "HTTP/1.1 200 OK"
2025-08-22 11:41:52,751 - httpx - INFO - HTTP Request: POST https://api.telegram.org/bot8369171314:AAGVevqxUYiH-Sfqqkpv8mb5v6eKss-k7xk/getChatMember "HTTP/1.1 200 OK"
2025-08-22 11:41:53,057 - httpx - INFO - HTTP Request: POST https://api.telegram.org/bot8369171314:AAGVevqxUYiH-Sfqqkpv8mb5v6eKss-k7xk/sendMessage "HTTP/1.1 200 OK"
2025-08-22 11:42:02,518 - httpx - INFO - HTTP Request: POST https://api.telegram.org/bot8369171314:AAGVevqxUYiH-Sfqqkpv8mb5v6eKss-k7xk/getUpdates "HTTP/1.1 200 OK"
2025-08-22 11:42:12,634 - httpx - INFO - HTTP Request: POST https://api.telegram.org/bot8369171314:AAGVevqxUYiH-Sfqqkpv8mb5v6eKss-k7xk/getUpdates "HTTP/1.1 200 OK"
2025-08-22 11:42:22,749 - httpx - INFO - HTTP Request: POST https://api.telegram.org/bot8369171314:AAGVevqxUYiH-Sfqqkpv8mb5v6eKss-k7xk/getUpdates "HTTP/1.1 200 OK"
2025-08-22 11:42:23,603 - httpx - INFO - HTTP Request: POST https://api.telegram.org/bot8369171314:AAGVevqxUYiH-Sfqqkpv8mb5v6eKss-k7xk/getUpdates "HTTP/1.1 200 OK"
2025-08-22 11:42:24,344 - httpx - INFO - HTTP Request: POST https://api.telegram.org/bot8369171314:AAGVevqxUYiH-Sfqqkpv8mb5v6eKss-k7xk/sendMessage "HTTP/1.1 200 OK"
2025-08-22 11:42:33,720 - httpx - INFO - HTTP Request: POST https://api.telegram.org/bot8369171314:AAGVevqxUYiH-Sfqqkpv8mb5v6eKss-k7xk/getUpdates "HTTP/1.1 200 OK"
2025-08-22 11:42:38,467 - httpx - INFO - HTTP Request: POST https://api.telegram.org/bot8369171314:AAGVevqxUYiH-Sfqqkpv8mb5v6eKss-k7xk/getUpdates "HTTP/1.1 200 OK"
2025-08-22 11:42:39,002 - httpx - INFO - HTTP Request: POST https://api.telegram.org/bot8369171314:AAGVevqxUYiH-Sfqqkpv8mb5v6eKss-k7xk/sendMessage "HTTP/1.1 200 OK"
2025-08-22 11:42:48,584 - httpx - INFO - HTTP Request: POST https://api.telegram.org/bot8369171314:AAGVevqxUYiH-Sfqqkpv8mb5v6eKss-k7xk/getUpdates "HTTP/1.1 200 OK"
2025-08-22 11:42:49,554 - httpx - INFO - HTTP Request: POST https://api.telegram.org/bot8369171314:AAGVevqxUYiH-Sfqqkpv8mb5v6eKss-k7xk/getUpdates "HTTP/1.1 200 OK"
2025-08-22 11:42:50,113 - httpx - INFO - HTTP Request: POST https://api.telegram.org/bot8369171314:AAGVevqxUYiH-Sfqqkpv8mb5v6eKss-k7xk/sendMessage "HTTP/1.1 200 OK"
2025-08-22 11:42:59,671 - httpx - INFO - HTTP Request: POST https://api.telegram.org/bot8369171314:AAGVevqxUYiH-Sfqqkpv8mb5v6eKss-k7xk/getUpdates "HTTP/1.1 200 OK"
2025-08-22 11:43:09,786 - httpx - INFO - HTTP Request: POST https://api.telegram.org/bot8369171314:AAGVevqxUYiH-Sfqqkpv8mb5v6eKss-k7xk/getUpdates "HTTP/1.1 200 OK"
2025-08-22 11:43:19,902 - httpx - INFO - HTTP Request: POST https://api.telegram.org/bot8369171314:AAGVevqxUYiH-Sfqqkpv8mb5v6eKss-k7xk/getUpdates "HTTP/1.1 200 OK"
2025-08-22 11:43:30,018 - httpx - INFO - HTTP Request: POST https://api.telegram.org/bot8369171314:AAGVevqxUYiH-Sfqqkpv8mb5v6eKss-k7xk/getUpdates "HTTP/1.1 200 OK"
2025-08-22 11:43:40,134 - httpx - INFO - HTTP Request: POST https://api.telegram.org/bot8369171314:AAGVevqxUYiH-Sfqqkpv8mb5v6eKss-k7xk/getUpdates "HTTP/1.1 200 OK"
2025-08-22 11:43:50,250 - httpx - INFO - HTTP Request: POST https://api.telegram.org/bot8369171314:AAGVevqxUYiH-Sfqqkpv8mb5v6eKss-k7xk/getUpdates "HTTP/1.1 200 OK"
2025-08-22 11:44:00,365 - httpx - INFO - HTTP Request: POST https://api.telegram.org/bot8369171314:AAGVevqxUYiH-Sfqqkpv8mb5v6eKss-k7xk/getUpdates "HTTP/1.1 200 OK"
2025-08-22 11:44:10,481 - httpx - INFO - HTTP Request: POST https://api.telegram.org/bot8369171314:AAGVevqxUYiH-Sfqqkpv8mb5v6eKss-k7xk/getUpdates "HTTP/1.1 200 OK"
2025-08-22 11:44:20,597 - httpx - INFO - HTTP Request: POST https://api.telegram.org/bot8369171314:AAGVevqxUYiH-Sfqqkpv8mb5v6eKss-k7xk/getUpdates "HTTP/1.1 200 OK"
2025-08-22 11:44:30,713 - httpx - INFO - HTTP Request: POST https://api.telegram.org/bot8369171314:AAGVevqxUYiH-Sfqqkpv8mb5v6eKss-k7xk/getUpdates "HTTP/1.1 200 OK"
2025-08-22 11:44:40,829 - httpx - INFO - HTTP Request: POST https://api.telegram.org/bot8369171314:AAGVevqxUYiH-Sfqqkpv8mb5v6eKss-k7xk/getUpdates "HTTP/1.1 200 OK"
2025-08-22 11:44:50,944 - httpx - INFO - HTTP Request: POST https://api.telegram.org/bot8369171314:AAGVevqxUYiH-Sfqqkpv8mb5v6eKss-k7xk/getUpdates "HTTP/1.1 200 OK"
2025-08-22 11:45:01,062 - httpx - INFO - HTTP Request: POST https://api.telegram.org/bot8369171314:AAGVevqxUYiH-Sfqqkpv8mb5v6eKss-k7xk/getUpdates "HTTP/1.1 200 OK"
2025-08-22 11:45:11,178 - httpx - INFO - HTTP Request: POST https://api.telegram.org/bot8369171314:AAGVevqxUYiH-Sfqqkpv8mb5v6eKss-k7xk/getUpdates "HTTP/1.1 200 OK"
2025-08-22 11:45:21,294 - httpx - INFO - HTTP Request: POST https://api.telegram.org/bot8369171314:AAGVevqxUYiH-Sfqqkpv8mb5v6eKss-k7xk/getUpdates "HTTP/1.1 200 OK"
2025-08-22 11:45:31,411 - httpx - INFO - HTTP Request: POST https://api.telegram.org/bot8369171314:AAGVevqxUYiH-Sfqqkpv8mb5v6eKss-k7xk/getUpdates "HTTP/1.1 200 OK"
2025-08-22 11:45:41,527 - httpx - INFO - HTTP Request: POST https://api.telegram.org/bot8369171314:AAGVevqxUYiH-Sfqqkpv8mb5v6eKss-k7xk/getUpdates "HTTP/1.1 200 OK"
2025-08-22 11:45:51,643 - httpx - INFO - HTTP Request: POST https://api.telegram.org/bot8369171314:AAGVevqxUYiH-Sfqqkpv8mb5v6eKss-k7xk/getUpdates "HTTP/1.1 200 OK"
2025-08-22 11:46:01,759 - httpx - INFO - HTTP Request: POST https://api.telegram.org/bot8369171314:AAGVevqxUYiH-Sfqqkpv8mb5v6eKss-k7xk/getUpdates "HTTP/1.1 200 OK"
2025-08-22 11:46:11,875 - httpx - INFO - HTTP Request: POST https://api.telegram.org/bot8369171314:AAGVevqxUYiH-Sfqqkpv8mb5v6eKss-k7xk/getUpdates "HTTP/1.1 200 OK"
2025-08-22 11:46:21,991 - httpx - INFO - HTTP Request: POST https://api.telegram.org/bot8369171314:AAGVevqxUYiH-Sfqqkpv8mb5v6eKss-k7xk/getUpdates "HTTP/1.1 200 OK"
2025-08-22 11:46:32,107 - httpx - INFO - HTTP Request: POST https://api.telegram.org/bot8369171314:AAGVevqxUYiH-Sfqqkpv8mb5v6eKss-k7xk/getUpdates "HTTP/1.1 200 OK"
2025-08-22 11:46:42,225 - httpx - INFO - HTTP Request: POST https://api.telegram.org/bot8369171314:AAGVevqxUYiH-Sfqqkpv8mb5v6eKss-k7xk/getUpdates "HTTP/1.1 200 OK"
2025-08-22 11:46:52,343 - httpx - INFO - HTTP Request: POST https://api.telegram.org/bot8369171314:AAGVevqxUYiH-Sfqqkpv8mb5v6eKss-k7xk/getUpdates "HTTP/1.1 200 OK"
2025-08-22 11:47:02,459 - httpx - INFO - HTTP Request: POST https://api.telegram.org/bot8369171314:AAGVevqxUYiH-Sfqqkpv8mb5v6eKss-k7xk/getUpdates "HTTP/1.1 200 OK"
2025-08-22 11:47:12,575 - httpx - INFO - HTTP Request: POST https://api.telegram.org/bot8369171314:AAGVevqxUYiH-Sfqqkpv8mb5v6eKss-k7xk/getUpdates "HTTP/1.1 200 OK"
2025-08-22 11:47:22,692 - httpx - INFO - HTTP Request: POST https://api.telegram.org/bot8369171314:AAGVevqxUYiH-Sfqqkpv8mb5v6eKss-k7xk/getUpdates "HTTP/1.1 200 OK"
2025-08-22 11:47:32,809 - httpx - INFO - HTTP Request: POST https://api.telegram.org/bot8369171314:AAGVevqxUYiH-Sfqqkpv8mb5v6eKss-k7xk/getUpdates "HTTP/1.1 200 OK"
2025-08-22 11:47:42,926 - httpx - INFO - HTTP Request: POST https://api.telegram.org/bot8369171314:AAGVevqxUYiH-Sfqqkpv8mb5v6eKss-k7xk/getUpdates "HTTP/1.1 200 OK"
2025-08-22 11:47:53,041 - httpx - INFO - HTTP Request: POST https://api.telegram.org/bot8369171314:AAGVevqxUYiH-Sfqqkpv8mb5v6eKss-k7xk/getUpdates "HTTP/1.1 200 OK"
2025-08-22 11:48:03,158 - httpx - INFO - HTTP Request: POST https://api.telegram.org/bot8369171314:AAGVevqxUYiH-Sfqqkpv8mb5v6eKss-k7xk/getUpdates "HTTP/1.1 200 OK"
2025-08-22 11:48:13,274 - httpx - INFO - HTTP Request: POST https://api.telegram.org/bot8369171314:AAGVevqxUYiH-Sfqqkpv8mb5v6eKss-k7xk/getUpdates "HTTP/1.1 200 OK"
2025-08-22 11:48:23,391 - httpx - INFO - HTTP Request: POST https://api.telegram.org/bot8369171314:AAGVevqxUYiH-Sfqqkpv8mb5v6eKss-k7xk/getUpdates "HTTP/1.1 200 OK"
2025-08-22 11:48:33,508 - httpx - INFO - HTTP Request: POST https://api.telegram.org/bot8369171314:AAGVevqxUYiH-Sfqqkpv8mb5v6eKss-k7xk/getUpdates "HTTP/1.1 200 OK"
2025-08-22 11:48:43,625 - httpx - INFO - HTTP Request: POST https://api.telegram.org/bot8369171314:AAGVevqxUYiH-Sfqqkpv8mb5v6eKss-k7xk/getUpdates "HTTP/1.1 200 OK"
2025-08-22 11:48:53,741 - httpx - INFO - HTTP Request: POST https://api.telegram.org/bot8369171314:AAGVevqxUYiH-Sfqqkpv8mb5v6eKss-k7xk/getUpdates "HTTP/1.1 200 OK"
2025-08-22 11:49:03,858 - httpx - INFO - HTTP Request: POST https://api.telegram.org/bot8369171314:AAGVevqxUYiH-Sfqqkpv8mb5v6eKss-k7xk/getUpdates "HTTP/1.1 200 OK"
2025-08-22 11:49:13,974 - httpx - INFO - HTTP Request: POST https://api.telegram.org/bot8369171314:AAGVevqxUYiH-Sfqqkpv8mb5v6eKss-k7xk/getUpdates "HTTP/1.1 200 OK"
2025-08-22 11:49:24,090 - httpx - INFO - HTTP Request: POST https://api.telegram.org/bot8369171314:AAGVevqxUYiH-Sfqqkpv8mb5v6eKss-k7xk/getUpdates "HTTP/1.1 200 OK"
2025-08-22 11:49:34,207 - httpx - INFO - HTTP Request: POST https://api.telegram.org/bot8369171314:AAGVevqxUYiH-Sfqqkpv8mb5v6eKss-k7xk/getUpdates "HTTP/1.1 200 OK"
2025-08-22 11:49:44,324 - httpx - INFO - HTTP Request: POST https://api.telegram.org/bot8369171314:AAGVevqxUYiH-Sfqqkpv8mb5v6eKss-k7xk/getUpdates "HTTP/1.1 200 OK"
2025-08-22 11:49:54,440 - httpx - INFO - HTTP Request: POST https://api.telegram.org/bot8369171314:AAGVevqxUYiH-Sfqqkpv8mb5v6eKss-k7xk/getUpdates "HTTP/1.1 200 OK"
2025-08-22 11:49:59,183 - __main__ - INFO - Starting Telegram Group Management Bot...
2025-08-22 11:49:59,204 - __main__ - INFO - Bot started successfully. Polling for updates...
2025-08-22 11:49:59,564 - httpx - INFO - HTTP Request: POST https://api.telegram.org/bot8369171314:AAGVevqxUYiH-Sfqqkpv8mb5v6eKss-k7xk/getMe "HTTP/1.1 200 OK"
2025-08-22 11:49:59,680 - httpx - INFO - HTTP Request: POST https://api.telegram.org/bot8369171314:AAGVevqxUYiH-Sfqqkpv8mb5v6eKss-k7xk/deleteWebhook "HTTP/1.1 200 OK"
2025-08-22 11:49:59,682 - telegram.ext.Application - INFO - Application started
2025-08-22 11:50:00,030 - httpx - INFO - HTTP Request: POST https://api.telegram.org/bot8369171314:AAGVevqxUYiH-Sfqqkpv8mb5v6eKss-k7xk/getUpdates "HTTP/1.1 409 Conflict"
2025-08-22 11:50:00,030 - telegram.ext.Updater - ERROR - Error while getting Updates: Conflict: terminated by other getUpdates request; make sure that only one bot instance is running
2025-08-22 11:50:00,031 - bot.handlers - ERROR - Exception while handling an update: Conflict: terminated by other getUpdates request; make sure that only one bot instance is running
2025-08-22 11:50:04,146 - httpx - INFO - HTTP Request: POST https://api.telegram.org/bot8369171314:AAGVevqxUYiH-Sfqqkpv8mb5v6eKss-k7xk/getUpdates "HTTP/1.1 409 Conflict"
2025-08-22 11:50:04,147 - telegram.ext.Updater - ERROR - Error while getting Updates: Conflict: terminated by other getUpdates request; make sure that only one bot instance is running
2025-08-22 11:50:04,147 - bot.handlers - ERROR - Exception while handling an update: Conflict: terminated by other getUpdates request; make sure that only one bot instance is running
2025-08-22 11:50:05,264 - httpx - INFO - HTTP Request: POST https://api.telegram.org/bot8369171314:AAGVevqxUYiH-Sfqqkpv8mb5v6eKss-k7xk/getUpdates "HTTP/1.1 409 Conflict"
2025-08-22 11:50:05,265 - telegram.ext.Updater - ERROR - Error while getting Updates: Conflict: terminated by other getUpdates request; make sure that only one bot instance is running
2025-08-22 11:50:05,265 - bot.handlers - ERROR - Exception while handling an update: Conflict: terminated by other getUpdates request; make sure that only one bot instance is running
2025-08-22 11:50:09,881 - httpx - INFO - HTTP Request: POST https://api.telegram.org/bot8369171314:AAGVevqxUYiH-Sfqqkpv8mb5v6eKss-k7xk/getUpdates "HTTP/1.1 409 Conflict"
2025-08-22 11:50:09,882 - telegram.ext.Updater - ERROR - Error while getting Updates: Conflict: terminated by other getUpdates request; make sure that only one bot instance is running
2025-08-22 11:50:09,882 - bot.handlers - ERROR - Exception while handling an update: Conflict: terminated by other getUpdates request; make sure that only one bot instance is running
2025-08-22 11:50:11,500 - httpx - INFO - HTTP Request: POST https://api.telegram.org/bot8369171314:AAGVevqxUYiH-Sfqqkpv8mb5v6eKss-k7xk/getUpdates "HTTP/1.1 409 Conflict"
2025-08-22 11:50:11,500 - telegram.ext.Updater - ERROR - Error while getting Updates: Conflict: terminated by other getUpdates request; make sure that only one bot instance is running
2025-08-22 11:50:11,501 - bot.handlers - ERROR - Exception while handling an update: Conflict: terminated by other getUpdates request; make sure that only one bot instance is running
2025-08-22 11:50:16,867 - httpx - INFO - HTTP Request: POST https://api.telegram.org/bot8369171314:AAGVevqxUYiH-Sfqqkpv8mb5v6eKss-k7xk/getUpdates "HTTP/1.1 409 Conflict"
2025-08-22 11:50:16,868 - telegram.ext.Updater - ERROR - Error while getting Updates: Conflict: terminated by other getUpdates request; make sure that only one bot instance is running
2025-08-22 11:50:16,868 - bot.handlers - ERROR - Exception while handling an update: Conflict: terminated by other getUpdates request; make sure that only one bot instance is running
2025-08-22 11:50:19,236 - httpx - INFO - HTTP Request: POST https://api.telegram.org/bot8369171314:AAGVevqxUYiH-Sfqqkpv8mb5v6eKss-k7xk/getUpdates "HTTP/1.1 409 Conflict"
2025-08-22 11:50:19,236 - telegram.ext.Updater - ERROR - Error while getting Updates: Conflict: terminated by other getUpdates request; make sure that only one bot instance is running
2025-08-22 11:50:19,236 - bot.handlers - ERROR - Exception while handling an update: Conflict: terminated by other getUpdates request; make sure that only one bot instance is running
2025-08-22 11:50:22,730 - httpx - INFO - HTTP Request: POST https://api.telegram.org/bot8369171314:AAGVevqxUYiH-Sfqqkpv8mb5v6eKss-k7xk/getUpdates "HTTP/1.1 409 Conflict"
2025-08-22 11:50:22,730 - telegram.ext.Updater - ERROR - Error while getting Updates: Conflict: terminated by other getUpdates request; make sure that only one bot instance is running
2025-08-22 11:50:22,730 - bot.handlers - ERROR - Exception while handling an update: Conflict: terminated by other getUpdates request; make sure that only one bot instance is running
2025-08-22 11:50:26,224 - httpx - INFO - HTTP Request: POST https://api.telegram.org/bot8369171314:AAGVevqxUYiH-Sfqqkpv8mb5v6eKss-k7xk/getUpdates "HTTP/1.1 409 Conflict"
2025-08-22 11:50:26,225 - telegram.ext.Updater - ERROR - Error while getting Updates: Conflict: terminated by other getUpdates request; make sure that only one bot instance is running
2025-08-22 11:50:26,225 - bot.handlers - ERROR - Exception while handling an update: Conflict: terminated by other getUpdates request; make sure that only one bot instance is running
2025-08-22 11:50:31,637 - httpx - INFO - HTTP Request: POST https://api.telegram.org/bot8369171314:AAGVevqxUYiH-Sfqqkpv8mb5v6eKss-k7xk/getUpdates "HTTP/1.1 409 Conflict"
2025-08-22 11:50:31,637 - telegram.ext.Updater - ERROR - Error while getting Updates: Conflict: terminated by other getUpdates request; make sure that only one bot instance is running
2025-08-22 11:50:31,638 - bot.handlers - ERROR - Exception while handling an update: Conflict: terminated by other getUpdates request; make sure that only one bot instance is running
2025-08-22 11:50:37,052 - httpx - INFO - HTTP Request: POST https://api.telegram.org/bot8369171314:AAGVevqxUYiH-Sfqqkpv8mb5v6eKss-k7xk/getUpdates "HTTP/1.1 409 Conflict"
2025-08-22 11:50:37,053 - telegram.ext.Updater - ERROR - Error while getting Updates: Conflict: terminated by other getUpdates request; make sure that only one bot instance is running
2025-08-22 11:50:37,053 - bot.handlers - ERROR - Exception while handling an update: Conflict: terminated by other getUpdates request; make sure that only one bot instance is running
2025-08-22 11:50:45,001 - httpx - INFO - HTTP Request: POST https://api.telegram.org/bot8369171314:AAGVevqxUYiH-Sfqqkpv8mb5v6eKss-k7xk/getUpdates "HTTP/1.1 409 Conflict"
2025-08-22 11:50:45,001 - telegram.ext.Updater - ERROR - Error while getting Updates: Conflict: terminated by other getUpdates request; make sure that only one bot instance is running
2025-08-22 11:50:45,002 - bot.handlers - ERROR - Exception while handling an update: Conflict: terminated by other getUpdates request; make sure that only one bot instance is running
2025-08-22 11:50:52,948 - httpx - INFO - HTTP Request: POST https://api.telegram.org/bot8369171314:AAGVevqxUYiH-Sfqqkpv8mb5v6eKss-k7xk/getUpdates "HTTP/1.1 409 Conflict"
2025-08-22 11:50:52,948 - telegram.ext.Updater - ERROR - Error while getting Updates: Conflict: terminated by other getUpdates request; make sure that only one bot instance is running
2025-08-22 11:50:52,949 - bot.handlers - ERROR - Exception while handling an update: Conflict: terminated by other getUpdates request; make sure that only one bot instance is running
2025-08-22 11:51:02,948 - httpx - INFO - HTTP Request: POST https://api.telegram.org/bot8369171314:AAGVevqxUYiH-Sfqqkpv8mb5v6eKss-k7xk/getUpdates "HTTP/1.1 200 OK"
2025-08-22 11:51:04,695 - httpx - INFO - HTTP Request: POST https://api.telegram.org/bot8369171314:AAGVevqxUYiH-Sfqqkpv8mb5v6eKss-k7xk/getUpdates "HTTP/1.1 409 Conflict"
2025-08-22 11:51:04,696 - telegram.ext.Updater - ERROR - Error while getting Updates: Conflict: terminated by other getUpdates request; make sure that only one bot instance is running
2025-08-22 11:51:04,696 - bot.handlers - ERROR - Exception while handling an update: Conflict: terminated by other getUpdates request; make sure that only one bot instance is running
2025-08-22 11:51:08,811 - httpx - INFO - HTTP Request: POST https://api.telegram.org/bot8369171314:AAGVevqxUYiH-Sfqqkpv8mb5v6eKss-k7xk/getUpdates "HTTP/1.1 409 Conflict"
2025-08-22 11:51:08,812 - telegram.ext.Updater - ERROR - Error while getting Updates: Conflict: terminated by other getUpdates request; make sure that only one bot instance is running
2025-08-22 11:51:08,812 - bot.handlers - ERROR - Exception while handling an update: Conflict: terminated by other getUpdates request; make sure that only one bot instance is running
2025-08-22 11:51:15,810 - httpx - INFO - HTTP Request: POST https://api.telegram.org/bot8369171314:AAGVevqxUYiH-Sfqqkpv8mb5v6eKss-k7xk/getUpdates "HTTP/1.1 200 OK"
2025-08-22 11:51:25,926 - httpx - INFO - HTTP Request: POST https://api.telegram.org/bot8369171314:AAGVevqxUYiH-Sfqqkpv8mb5v6eKss-k7xk/getUpdates "HTTP/1.1 200 OK"
2025-08-22 11:51:26,264 - httpx - INFO - HTTP Request: POST https://api.telegram.org/bot8369171314:AAGVevqxUYiH-Sfqqkpv8mb5v6eKss-k7xk/getUpdates "HTTP/1.1 409 Conflict"
2025-08-22 11:51:26,265 - telegram.ext.Updater - ERROR - Error while getting Updates: Conflict: terminated by other getUpdates request; make sure that only one bot instance is running
2025-08-22 11:51:26,265 - bot.handlers - ERROR - Exception while handling an update: Conflict: terminated by other getUpdates request; make sure that only one bot instance is running
2025-08-22 11:51:30,382 - httpx - INFO - HTTP Request: POST https://api.telegram.org/bot8369171314:AAGVevqxUYiH-Sfqqkpv8mb5v6eKss-k7xk/getUpdates "HTTP/1.1 409 Conflict"
2025-08-22 11:51:30,383 - telegram.ext.Updater - ERROR - Error while getting Updates: Conflict: terminated by other getUpdates request; make sure that only one bot instance is running
2025-08-22 11:51:30,383 - bot.handlers - ERROR - Exception while handling an update: Conflict: terminated by other getUpdates request; make sure that only one bot instance is running
2025-08-22 11:51:37,381 - httpx - INFO - HTTP Request: POST https://api.telegram.org/bot8369171314:AAGVevqxUYiH-Sfqqkpv8mb5v6eKss-k7xk/getUpdates "HTTP/1.1 200 OK"
2025-08-22 11:51:47,496 - httpx - INFO - HTTP Request: POST https://api.telegram.org/bot8369171314:AAGVevqxUYiH-Sfqqkpv8mb5v6eKss-k7xk/getUpdates "HTTP/1.1 200 OK"
2025-08-22 11:51:56,385 - httpx - INFO - HTTP Request: POST https://api.telegram.org/bot8369171314:AAGVevqxUYiH-Sfqqkpv8mb5v6eKss-k7xk/getUpdates "HTTP/1.1 409 Conflict"
2025-08-22 11:51:56,385 - telegram.ext.Updater - ERROR - Error while getting Updates: Conflict: terminated by other getUpdates request; make sure that only one bot instance is running
2025-08-22 11:51:56,385 - bot.handlers - ERROR - Exception while handling an update: Conflict: terminated by other getUpdates request; make sure that only one bot instance is running
2025-08-22 11:52:00,501 - httpx - INFO - HTTP Request: POST https://api.telegram.org/bot8369171314:AAGVevqxUYiH-Sfqqkpv8mb5v6eKss-k7xk/getUpdates "HTTP/1.1 409 Conflict"
2025-08-22 11:52:00,501 - telegram.ext.Updater - ERROR - Error while getting Updates: Conflict: terminated by other getUpdates request; make sure that only one bot instance is running
2025-08-22 11:52:00,502 - bot.handlers - ERROR - Exception while handling an update: Conflict: terminated by other getUpdates request; make sure that only one bot instance is running
2025-08-22 11:52:07,501 - httpx - INFO - HTTP Request: POST https://api.telegram.org/bot8369171314:AAGVevqxUYiH-Sfqqkpv8mb5v6eKss-k7xk/getUpdates "HTTP/1.1 200 OK"
2025-08-22 11:52:17,616 - httpx - INFO - HTTP Request: POST https://api.telegram.org/bot8369171314:AAGVevqxUYiH-Sfqqkpv8mb5v6eKss-k7xk/getUpdates "HTTP/1.1 200 OK"
2025-08-22 11:52:27,732 - httpx - INFO - HTTP Request: POST https://api.telegram.org/bot8369171314:AAGVevqxUYiH-Sfqqkpv8mb5v6eKss-k7xk/getUpdates "HTTP/1.1 200 OK"
2025-08-22 11:52:30,882 - httpx - INFO - HTTP Request: POST https://api.telegram.org/bot8369171314:AAGVevqxUYiH-Sfqqkpv8mb5v6eKss-k7xk/getUpdates "HTTP/1.1 409 Conflict"
2025-08-22 11:52:30,883 - telegram.ext.Updater - ERROR - Error while getting Updates: Conflict: terminated by other getUpdates request; make sure that only one bot instance is running
2025-08-22 11:52:30,883 - bot.handlers - ERROR - Exception while handling an update: Conflict: terminated by other getUpdates request; make sure that only one bot instance is running
2025-08-22 11:52:35,001 - httpx - INFO - HTTP Request: POST https://api.telegram.org/bot8369171314:AAGVevqxUYiH-Sfqqkpv8mb5v6eKss-k7xk/getUpdates "HTTP/1.1 409 Conflict"
2025-08-22 11:52:35,001 - telegram.ext.Updater - ERROR - Error while getting Updates: Conflict: terminated by other getUpdates request; make sure that only one bot instance is running
2025-08-22 11:52:35,001 - bot.handlers - ERROR - Exception while handling an update: Conflict: terminated by other getUpdates request; make sure that only one bot instance is running
2025-08-22 11:52:41,998 - httpx - INFO - HTTP Request: POST https://api.telegram.org/bot8369171314:AAGVevqxUYiH-Sfqqkpv8mb5v6eKss-k7xk/getUpdates "HTTP/1.1 200 OK"
2025-08-22 11:52:52,113 - httpx - INFO - HTTP Request: POST https://api.telegram.org/bot8369171314:AAGVevqxUYiH-Sfqqkpv8mb5v6eKss-k7xk/getUpdates "HTTP/1.1 200 OK"
2025-08-22 11:53:02,229 - httpx - INFO - HTTP Request: POST https://api.telegram.org/bot8369171314:AAGVevqxUYiH-Sfqqkpv8mb5v6eKss-k7xk/getUpdates "HTTP/1.1 200 OK"
2025-08-22 11:53:05,380 - httpx - INFO - HTTP Request: POST https://api.telegram.org/bot8369171314:AAGVevqxUYiH-Sfqqkpv8mb5v6eKss-k7xk/getUpdates "HTTP/1.1 409 Conflict"
2025-08-22 11:53:05,380 - telegram.ext.Updater - ERROR - Error while getting Updates: Conflict: terminated by other getUpdates request; make sure that only one bot instance is running
2025-08-22 11:53:05,381 - bot.handlers - ERROR - Exception while handling an update: Conflict: terminated by other getUpdates request; make sure that only one bot instance is running
2025-08-22 11:53:09,496 - httpx - INFO - HTTP Request: POST https://api.telegram.org/bot8369171314:AAGVevqxUYiH-Sfqqkpv8mb5v6eKss-k7xk/getUpdates "HTTP/1.1 409 Conflict"
2025-08-22 11:53:09,497 - telegram.ext.Updater - ERROR - Error while getting Updates: Conflict: terminated by other getUpdates request; make sure that only one bot instance is running
2025-08-22 11:53:09,497 - bot.handlers - ERROR - Exception while handling an update: Conflict: terminated by other getUpdates request; make sure that only one bot instance is running
2025-08-22 11:53:16,496 - httpx - INFO - HTTP Request: POST https://api.telegram.org/bot8369171314:AAGVevqxUYiH-Sfqqkpv8mb5v6eKss-k7xk/getUpdates "HTTP/1.1 200 OK"
2025-08-22 11:53:26,611 - httpx - INFO - HTTP Request: POST https://api.telegram.org/bot8369171314:AAGVevqxUYiH-Sfqqkpv8mb5v6eKss-k7xk/getUpdates "HTTP/1.1 200 OK"
2025-08-22 11:53:36,727 - httpx - INFO - HTTP Request: POST https://api.telegram.org/bot8369171314:AAGVevqxUYiH-Sfqqkpv8mb5v6eKss-k7xk/getUpdates "HTTP/1.1 200 OK"
2025-08-22 11:53:39,882 - httpx - INFO - HTTP Request: POST https://api.telegram.org/bot8369171314:AAGVevqxUYiH-Sfqqkpv8mb5v6eKss-k7xk/getUpdates "HTTP/1.1 409 Conflict"
2025-08-22 11:53:39,883 - telegram.ext.Updater - ERROR - Error while getting Updates: Conflict: terminated by other getUpdates request; make sure that only one bot instance is running
2025-08-22 11:53:39,884 - bot.handlers - ERROR - Exception while handling an update: Conflict: terminated by other getUpdates request; make sure that only one bot instance is running
2025-08-22 11:53:44,000 - httpx - INFO - HTTP Request: POST https://api.telegram.org/bot8369171314:AAGVevqxUYiH-Sfqqkpv8mb5v6eKss-k7xk/getUpdates "HTTP/1.1 409 Conflict"
2025-08-22 11:53:44,000 - telegram.ext.Updater - ERROR - Error while getting Updates: Conflict: terminated by other getUpdates request; make sure that only one bot instance is running
2025-08-22 11:53:44,001 - bot.handlers - ERROR - Exception while handling an update: Conflict: terminated by other getUpdates request; make sure that only one bot instance is running
2025-08-22 11:53:50,999 - httpx - INFO - HTTP Request: POST https://api.telegram.org/bot8369171314:AAGVevqxUYiH-Sfqqkpv8mb5v6eKss-k7xk/getUpdates "HTTP/1.1 200 OK"
2025-08-22 11:54:01,114 - httpx - INFO - HTTP Request: POST https://api.telegram.org/bot8369171314:AAGVevqxUYiH-Sfqqkpv8mb5v6eKss-k7xk/getUpdates "HTTP/1.1 200 OK"
2025-08-22 11:54:11,231 - httpx - INFO - HTTP Request: POST https://api.telegram.org/bot8369171314:AAGVevqxUYiH-Sfqqkpv8mb5v6eKss-k7xk/getUpdates "HTTP/1.1 200 OK"
2025-08-22 11:54:14,377 - httpx - INFO - HTTP Request: POST https://api.telegram.org/bot8369171314:AAGVevqxUYiH-Sfqqkpv8mb5v6eKss-k7xk/getUpdates "HTTP/1.1 409 Conflict"
2025-08-22 11:54:14,378 - telegram.ext.Updater - ERROR - Error while getting Updates: Conflict: terminated by other getUpdates request; make sure that only one bot instance is running
2025-08-22 11:54:14,378 - bot.handlers - ERROR - Exception while handling an update: Conflict: terminated by other getUpdates request; make sure that only one bot instance is running
2025-08-22 11:54:18,495 - httpx - INFO - HTTP Request: POST https://api.telegram.org/bot8369171314:AAGVevqxUYiH-Sfqqkpv8mb5v6eKss-k7xk/getUpdates "HTTP/1.1 409 Conflict"
2025-08-22 11:54:18,496 - telegram.ext.Updater - ERROR - Error while getting Updates: Conflict: terminated by other getUpdates request; make sure that only one bot instance is running
2025-08-22 11:54:18,496 - bot.handlers - ERROR - Exception while handling an update: Conflict: terminated by other getUpdates request; make sure that only one bot instance is running
2025-08-22 11:54:25,493 - httpx - INFO - HTTP Request: POST https://api.telegram.org/bot8369171314:AAGVevqxUYiH-Sfqqkpv8mb5v6eKss-k7xk/getUpdates "HTTP/1.1 200 OK"
